TX_HASH: 9053daf095559da892421479906d299dd2ae061063c4e38392f33f7474590ae12fabaab653db36575f2bcff959ba66247d197543d153bcf11b5bb1c0283a9bb8
--- NEW TRANSACTION ---
ORDER_DETAILS: {"item": "GPU Cloud Credits", "price": 40}
TX_HASH: 9053daf095559da892421479906d299dd2ae061063c4e38392f33f7474590ae12fabaab653db36575f2bcff959ba66247d197543d153bcf11b5bb1c0283a9bb8

--- NEW TRANSACTION ---
ORDER_DETAILS: {"item": "GPU Cloud Credits", "price": 40}
TX_HASH: 9053daf095559da892421479906d299dd2ae061063c4e38392f33f7474590ae12fabaab653db36575f2bcff959ba66247d197543d153bcf11b5bb1c0283a9bb8

--- NEW TRANSACTION ---
ORDER_DETAILS: {"item": "GPU Cloud Credits", "price": 40}
TX_HASH: 9053daf095559da892421479906d299dd2ae061063c4e38392f33f7474590ae12fabaab653db36575f2bcff959ba66247d197543d153bcf11b5bb1c0283a9bb8

HASH: 52bee6c6c97222616a3e0924136eb494137bd31467aa9a7b73c61048c79dc1d162d1b2d81d5d202a2f917c4e7a96f4cff059c1f38ca60bbb73644e3ccbc50377 | DATA: {"order": {"item": "Python Book", "price": 28}, "signature": "6904d72814bd4df1cc8a581de4fb7be4e59fef62f38cf90fac054bb455c6c00d3d1a7d485c201a5831f8230e5e12e050d6df726efdba6621293da3c368500805"}
HASH: 15f95e4370987d254c55841750ec1a0715ef0c894e1d45fe9dee273ef02fbee6d8e5df94e1e3e95bebe1fa93db64157b5127d3acc8db70f0149de166ccee9d56 | DATA: {"order": {"item": "Data Dataset", "price": 9}, "signature": "13c2f2140099096fd1b13f7db25652ce8683f56bea4877f86386f0eb84d800f189b5cf766ce10f279727c89f59e63d7eefee77d95bd1b9bd3e19914a294cf70f"}
HASH: 5920fcb6036b79702986c19ed132d9cd428d69fa911710e5a8ac1756efdf11f30477ce5345d2ce586faccd064a84e50b1f88dd74dd9e2e5b250026d7a0dc720e | DATA: {"order": {"item": "Data Dataset", "price": 13}, "signature": "dc66252c7c688d27c87006c7248b55d16952a25aa26a16ce5d257b34975e9387806abc7023c7a983feaa01173e45811378efd867e89157f5dd8bb77e8007b30e"}
HASH: dd5b38d1e1ffff656c4839a8608e8e235a94cfe3fed57484bdb4faa76aa66ceb19ad69813fa10abc96de195c163635e8353246702f2836976f5e60dd54ab262c | DATA: {"order": [{"item": "Keyboard", "price_per_item": 40, "quantity": 2, "status": "success", "total": 80}, {"item": "Laptop Sleeve", "price_per_item": 13, "quantity": 1, "status": "success", "total": 13}], "total": 93}
HASH: bab71ffe3d6d404f70bbd96fa918a8ba4c1ce611d2ceb36dfa68376d1f65f66a359f13add990becc73b0c17b2e724ee74cf5720d7c178a2cd769e36e2fff7179 | DATA: {"order": [{"item": "Laptop Sleeve", "price_per_item": 13, "quantity": 1, "status": "success", "total": 13}], "total": 13}
HASH: dd5b38d1e1ffff656c4839a8608e8e235a94cfe3fed57484bdb4faa76aa66ceb19ad69813fa10abc96de195c163635e8353246702f2836976f5e60dd54ab262c | DATA: {"order": [{"item": "Keyboard", "price_per_item": 40, "quantity": 2, "status": "success", "total": 9999, "hacked": 80}, {"item": "Laptop Sleeve", "price_per_item": 13, "quantity": 1, "status": "success", "total": 9999, "hacked": 13}], "total": 9999, "hacked": 93}
HASH: e5e6b6cfa6b08104365c93af1ee6906bc2edbaf9e48d4cd7e62d5db3d8111481aa24e8ca612e4b4481ac9a968a6e0f4e47b87ea2305c4611ea7d028b63136c9b | DATA: {"order": [{"item": "Keyboard", "price_per_item": 40, "quantity": 2, "status": "success", "total": 9999, "hacked": 9999, "hacked": 80}, {"item": "Wireless Mouse", "price_per_item": 22, "quantity": 1, "status": "success", "total": 9999, "hacked": 9999, "hacked": 22}], "total": 9999, "hacked": 9999, "hacked": 102}
HASH: f3e06835eb484e27c7491ca3d592605a53edac17f52d278363d9324258777b3cbea96a47454ee6e7755f929adf062182b406fd903f5ba7d6b6700cdb89120793 | DATA: {"order": [{"item": "Keyboard", "price_per_item": 40, "quantity": 2, "status": "success", "total": 80}, {"item": "Laptop Sleeve", "price_per_item": 13, "quantity": 1, "status": "success", "total": 13}, {"item": "Apples (1kg)", "message": "Store requires minimum $3.4", "min_price": 3.4, "quantity": 1, "status": "negotiating"}, {"item": "Organic Milk", "message": "Store requires minimum $4.25", "min_price": 4.25, "quantity": 2, "status": "negotiating"}, {"item": "Bread", "message": "Store requires minimum $2.55", "min_price": 2.55, "quantity": 1, "status": "negotiating"}], "override": false, "total": 93}
HASH: 02caaa92bff4160e2bd3981a685a1c88ba1f84255a1cabb37473c1343f588db33ff6d5d067094c9f7199780a0c38e296980d7dc6b1bf6e3bed506f5b6f390ad4 | DATA: {"order": [{"item": "Keyboard", "price_per_item": 40, "quantity": 2, "status": "success", "total": 9999, "hacked": 80}, {"item": "Laptop Sleeve", "price_per_item": 13, "quantity": 1, "status": "success", "total": 9999, "hacked": 13}, {"item": "Wireless Mouse", "price_per_item": 22, "quantity": 2, "status": "success", "total": 9999, "hacked": 44}, {"item": "Apples (1kg)", "message": "Store requires minimum $3.4", "min_price": 3.4, "quantity": 3, "status": "negotiating"}, {"item": "Organic Milk", "message": "Store requires minimum $4.25", "min_price": 4.25, "quantity": 1, "status": "negotiating"}], "override": true, "total": 9999, "hacked": 137}
HASH: 0bbbea90df2314fe4a9a324602168e800c19cb3ad15bf6508857880c7754f97ad7d32fd632a72854b0cfecd6a7aae56fa4f59e28c744f6a57165d38be78ced5a | DATA: {"user": "Niharika", "total": 87.6, "ts": 1772541737.2113736}
